Aligning contigs to reference...
	Aligning contigs to the reference
Filtering alignments...
Parsing coords...
Loading reference...
	Loaded [chr4_120216286]
	Loaded [chr15_66102261]
	Loaded [chr18_43734217]
	Loaded [chr12_58075719]
	Loaded [chr4_21594812]
	Loaded [chr6_65851477]
	Total Regions: 6
	Total Region Length: 45867
Analyzing contigs...
CONTIG: NODE_1_length_7739_cov_11.516836 (7739bp)
Best alignment score: 7723.3 (LEN: 7738, IDY: 99.81), Total number of alignments: 1
		One align captures most of this contig: 3312 11053 | 1 7738 | 7742 7738 | 99.81 | chr15_66102261 NODE_1_length_7739_cov_11.516836

CONTIG: NODE_2_length_2997_cov_6.094863 (2997bp)
		This contig is unaligned. (2997 bp)
		Unaligned bases: 2997 (number of Ns: 10)

CONTIG: NODE_3_length_2406_cov_5.542722 (2406bp)
Best alignment score: 2202.0 (LEN: 2202, IDY: 100.00), Total number of alignments: 1
			Looking for the best set of alignments (out of 1 total alignments)
			The best set is below. Score: 2202.0, number of alignments: 1, unaligned bases: 204
		Alignment: 1 2202 | 205 2406 | 2202 2202 | 100.0 | chr15_66102261 NODE_3_length_2406_cov_5.542722

CONTIG: NODE_4_length_2012_cov_6.804651 (2012bp)
		This contig is unaligned. (2012 bp)
		Unaligned bases: 2012 (number of Ns: 10)

CONTIG: NODE_5_length_1459_cov_4.942113 (1459bp)
		This contig is unaligned. (1459 bp)
		Unaligned bases: 1459 (number of Ns: 0)

CONTIG: NODE_6_length_1432_cov_6.112177 (1432bp)
		This contig is unaligned. (1432 bp)
		Unaligned bases: 1432 (number of Ns: 0)

CONTIG: NODE_7_length_1409_cov_13.260511 (1409bp)
		This contig is unaligned. (1409 bp)
		Unaligned bases: 1409 (number of Ns: 0)

CONTIG: NODE_8_length_1340_cov_4.282660 (1340bp)
		This contig is unaligned. (1340 bp)
		Unaligned bases: 1340 (number of Ns: 20)

CONTIG: NODE_9_length_1300_cov_8.959117 (1300bp)
		This contig is unaligned. (1300 bp)
		Unaligned bases: 1300 (number of Ns: 0)

CONTIG: NODE_10_length_1209_cov_4.102473 (1209bp)
		This contig is unaligned. (1209 bp)
		Unaligned bases: 1209 (number of Ns: 10)

CONTIG: NODE_11_length_1135_cov_7.181474 (1135bp)
		This contig is unaligned. (1135 bp)
		Unaligned bases: 1135 (number of Ns: 0)

CONTIG: NODE_12_length_1114_cov_6.494696 (1114bp)
		This contig is unaligned. (1114 bp)
		Unaligned bases: 1114 (number of Ns: 0)

CONTIG: NODE_13_length_1065_cov_6.170040 (1065bp)
		This contig is unaligned. (1065 bp)
		Unaligned bases: 1065 (number of Ns: 0)

CONTIG: NODE_14_length_1043_cov_5.983437 (1043bp)
		This contig is unaligned. (1043 bp)
		Unaligned bases: 1043 (number of Ns: 0)

CONTIG: NODE_15_length_1019_cov_4.038217 (1019bp)
		This contig is unaligned. (1019 bp)
		Unaligned bases: 1019 (number of Ns: 0)

CONTIG: NODE_16_length_990_cov_3.851041 (990bp)
		This contig is unaligned. (990 bp)
		Unaligned bases: 990 (number of Ns: 0)

CONTIG: NODE_17_length_927_cov_3.568235 (927bp)
		This contig is unaligned. (927 bp)
		Unaligned bases: 927 (number of Ns: 0)

CONTIG: NODE_18_length_914_cov_7.715651 (914bp)
		This contig is unaligned. (914 bp)
		Unaligned bases: 914 (number of Ns: 0)

CONTIG: NODE_19_length_885_cov_4.508663 (885bp)
		This contig is unaligned. (885 bp)
		Unaligned bases: 885 (number of Ns: 10)

CONTIG: NODE_20_length_882_cov_7.086957 (882bp)
		This contig is unaligned. (882 bp)
		Unaligned bases: 882 (number of Ns: 0)

CONTIG: NODE_21_length_878_cov_4.283396 (878bp)
		This contig is unaligned. (878 bp)
		Unaligned bases: 878 (number of Ns: 0)

CONTIG: NODE_22_length_865_cov_5.115482 (865bp)
Best alignment score: 864.0 (LEN: 865, IDY: 99.88), Total number of alignments: 1
		One align captures most of this contig: 2467 3331 | 865 1 | 865 865 | 99.88 | chr15_66102261 NODE_22_length_865_cov_5.115482

CONTIG: NODE_23_length_788_cov_3.679325 (788bp)
		This contig is unaligned. (788 bp)
		Unaligned bases: 788 (number of Ns: 0)

CONTIG: NODE_24_length_787_cov_4.919718 (787bp)
		This contig is unaligned. (787 bp)
		Unaligned bases: 787 (number of Ns: 0)

CONTIG: NODE_25_length_778_cov_6.144080 (778bp)
		This contig is unaligned. (778 bp)
		Unaligned bases: 778 (number of Ns: 0)

CONTIG: NODE_26_length_771_cov_4.512968 (771bp)
		This contig is unaligned. (771 bp)
		Unaligned bases: 771 (number of Ns: 0)

CONTIG: NODE_27_length_762_cov_3.049635 (762bp)
		This contig is unaligned. (762 bp)
		Unaligned bases: 762 (number of Ns: 0)

CONTIG: NODE_28_length_760_cov_5.155198 (760bp)
		This contig is unaligned. (760 bp)
		Unaligned bases: 760 (number of Ns: 0)

CONTIG: NODE_29_length_757_cov_4.235294 (757bp)
		This contig is unaligned. (757 bp)
		Unaligned bases: 757 (number of Ns: 0)

CONTIG: NODE_30_length_746_cov_6.819133 (746bp)
		This contig is unaligned. (746 bp)
		Unaligned bases: 746 (number of Ns: 0)

CONTIG: NODE_31_length_729_cov_3.467791 (729bp)
		This contig is unaligned. (729 bp)
		Unaligned bases: 729 (number of Ns: 0)

CONTIG: NODE_32_length_726_cov_7.132512 (726bp)
		This contig is unaligned. (726 bp)
		Unaligned bases: 726 (number of Ns: 0)

CONTIG: NODE_33_length_725_cov_6.614198 (725bp)
Best alignment score: 193.0 (LEN: 199, IDY: 96.98), Total number of alignments: 1
			Looking for the best set of alignments (out of 1 total alignments)
			The best set is below. Score: 193.0, number of alignments: 1, unaligned bases: 526
		This contig is partially unaligned. (Aligned 199 out of 725 non-N bases (27.45%))
		Alignment: 1 199 | 199 1 | 199 199 | 96.98 | chr4_21594812 NODE_33_length_725_cov_6.614198
		Unaligned bases: 200 to 725 (526)

CONTIG: NODE_34_length_719_cov_6.680685 (719bp)
		This contig is unaligned. (719 bp)
		Unaligned bases: 719 (number of Ns: 0)

CONTIG: NODE_35_length_711_cov_5.231861 (711bp)
		This contig is unaligned. (711 bp)
		Unaligned bases: 711 (number of Ns: 0)

CONTIG: NODE_36_length_708_cov_5.507132 (708bp)
		This contig is unaligned. (708 bp)
		Unaligned bases: 708 (number of Ns: 0)

CONTIG: NODE_37_length_705_cov_5.250000 (705bp)
		This contig is unaligned. (705 bp)
		Unaligned bases: 705 (number of Ns: 0)

CONTIG: NODE_38_length_705_cov_4.872611 (705bp)
		This contig is unaligned. (705 bp)
		Unaligned bases: 705 (number of Ns: 0)

CONTIG: NODE_39_length_700_cov_4.990369 (700bp)
		This contig is unaligned. (700 bp)
		Unaligned bases: 700 (number of Ns: 0)

CONTIG: NODE_40_length_696_cov_3.901454 (696bp)
		This contig is unaligned. (696 bp)
		Unaligned bases: 696 (number of Ns: 0)

CONTIG: NODE_41_length_680_cov_4.132670 (680bp)
		This contig is unaligned. (680 bp)
		Unaligned bases: 680 (number of Ns: 0)

CONTIG: NODE_42_length_664_cov_5.850085 (664bp)
		This contig is unaligned. (664 bp)
		Unaligned bases: 664 (number of Ns: 0)

CONTIG: NODE_43_length_645_cov_4.869718 (645bp)
		This contig is unaligned. (645 bp)
		Unaligned bases: 645 (number of Ns: 0)

CONTIG: NODE_44_length_644_cov_4.259259 (644bp)
		This contig is unaligned. (644 bp)
		Unaligned bases: 644 (number of Ns: 10)

CONTIG: NODE_45_length_634_cov_4.375224 (634bp)
		This contig is unaligned. (634 bp)
		Unaligned bases: 634 (number of Ns: 0)

CONTIG: NODE_46_length_634_cov_4.256732 (634bp)
		This contig is unaligned. (634 bp)
		Unaligned bases: 634 (number of Ns: 0)

CONTIG: NODE_47_length_633_cov_8.455036 (633bp)
Best alignment score: 480.0 (LEN: 481, IDY: 99.79), Total number of alignments: 1
			Looking for the best set of alignments (out of 1 total alignments)
			The best set is below. Score: 480.0, number of alignments: 1, unaligned bases: 152
		Alignment: 11667 12147 | 1 481 | 481 481 | 99.79 | chr15_66102261 NODE_47_length_633_cov_8.455036

CONTIG: NODE_48_length_632_cov_3.372973 (632bp)
		This contig is unaligned. (632 bp)
		Unaligned bases: 632 (number of Ns: 10)

CONTIG: NODE_49_length_617_cov_8.314815 (617bp)
		This contig is unaligned. (617 bp)
		Unaligned bases: 617 (number of Ns: 0)

CONTIG: NODE_50_length_616_cov_3.361781 (616bp)
		This contig is unaligned. (616 bp)
		Unaligned bases: 616 (number of Ns: 0)

CONTIG: NODE_51_length_615_cov_5.210037 (615bp)
		This contig is unaligned. (615 bp)
		Unaligned bases: 615 (number of Ns: 0)

CONTIG: NODE_52_length_603_cov_3.846008 (603bp)
		This contig is unaligned. (603 bp)
		Unaligned bases: 603 (number of Ns: 0)

CONTIG: NODE_53_length_598_cov_3.587332 (598bp)
		This contig is unaligned. (598 bp)
		Unaligned bases: 598 (number of Ns: 0)

CONTIG: NODE_54_length_597_cov_7.786538 (597bp)
		This contig is unaligned. (597 bp)
		Unaligned bases: 597 (number of Ns: 0)

CONTIG: NODE_55_length_590_cov_5.497076 (590bp)
Best alignment score: 590.0 (LEN: 590, IDY: 100.00), Total number of alignments: 1
		One align captures most of this contig: 11054 11643 | 590 1 | 590 590 | 100.0 | chr15_66102261 NODE_55_length_590_cov_5.497076

CONTIG: NODE_56_length_586_cov_4.495088 (586bp)
		This contig is unaligned. (586 bp)
		Unaligned bases: 586 (number of Ns: 0)

CONTIG: NODE_57_length_585_cov_4.124016 (585bp)
		This contig is unaligned. (585 bp)
		Unaligned bases: 585 (number of Ns: 0)

CONTIG: NODE_58_length_581_cov_5.894841 (581bp)
		This contig is unaligned. (581 bp)
		Unaligned bases: 581 (number of Ns: 0)

CONTIG: NODE_59_length_579_cov_5.296813 (579bp)
		This contig is unaligned. (579 bp)
		Unaligned bases: 579 (number of Ns: 0)

CONTIG: NODE_60_length_574_cov_3.698189 (574bp)
		This contig is unaligned. (574 bp)
		Unaligned bases: 574 (number of Ns: 0)

CONTIG: NODE_61_length_555_cov_10.960251 (555bp)
		This contig is unaligned. (555 bp)
		Unaligned bases: 555 (number of Ns: 0)

CONTIG: NODE_62_length_555_cov_3.133891 (555bp)
		This contig is unaligned. (555 bp)
		Unaligned bases: 555 (number of Ns: 0)

CONTIG: NODE_63_length_546_cov_3.202559 (546bp)
		This contig is unaligned. (546 bp)
		Unaligned bases: 546 (number of Ns: 0)

CONTIG: NODE_64_length_541_cov_6.980603 (541bp)
		This contig is unaligned. (541 bp)
		Unaligned bases: 541 (number of Ns: 0)

CONTIG: NODE_65_length_540_cov_4.203024 (540bp)
		This contig is unaligned. (540 bp)
		Unaligned bases: 540 (number of Ns: 0)

CONTIG: NODE_66_length_538_cov_5.314534 (538bp)
		This contig is unaligned. (538 bp)
		Unaligned bases: 538 (number of Ns: 0)

CONTIG: NODE_67_length_533_cov_3.480263 (533bp)
		This contig is unaligned. (533 bp)
		Unaligned bases: 533 (number of Ns: 0)

CONTIG: NODE_68_length_531_cov_8.931718 (531bp)
		This contig is unaligned. (531 bp)
		Unaligned bases: 531 (number of Ns: 0)

CONTIG: NODE_69_length_531_cov_5.110132 (531bp)
		This contig is unaligned. (531 bp)
		Unaligned bases: 531 (number of Ns: 0)

CONTIG: NODE_70_length_522_cov_6.995506 (522bp)
		This contig is unaligned. (522 bp)
		Unaligned bases: 522 (number of Ns: 0)

Analyzing coverage...
Writing SNPs into /local/workdir/dmm2017/novel-x-paper/tell-seq/quast_results/results_2021_08_23_08_59_23/contigs_reports/minimap_output/scaffolds.used_snps.gz

Analysis is finished!
Founded SNPs were written into /local/workdir/dmm2017/novel-x-paper/tell-seq/quast_results/results_2021_08_23_08_59_23/contigs_reports/minimap_output/scaffolds.used_snps.gz

Results:
	Local Misassemblies: 0
	Misassemblies: 0
		Relocations: 0
		Translocations: 0
		Inversions: 0
	Scaffold gap extensive misassemblies: 0
	Scaffold gap local misassemblies: 0
	Misassembled Contigs: 0
	Misassembled Contig Bases: 0
	Misassemblies Inter-Contig Overlap: 0
Unaligned Contigs: 64 + 1 part
Half Unaligned Contigs with Misassemblies: 0
Unaligned Contig Bases: 53480

Ambiguously Mapped Contigs: 0
Total Bases in Ambiguously Mapped Contigs: 0
Extra Bases in Ambiguously Mapped Contigs: 0
Note that --allow-ambiguity option was set to "one" and only first alignment per each of these contigs was used.

	Covered Bases: 12059

	SNPs: 17
	Insertions: 1
	Deletions: 5

